<?xml version="1.0" encoding="UTF-8"?>
<testsuites name="Login" time="29.985" tests="3" failures="1" errors="0">
   <testsuite name="Login" tests="3" failures="1" errors="0" time="29.985" skipped="0" timestamp="2023-07-13 13:03:23" hostname="Wajid - DESKTOP-RTPNA8E" id="Test Suites/Login">
      <properties>
         <property name="deviceName" value=""/>
         <property name="devicePlatform" value=""/>
         <property name="logFolder" value="C:\\Users\\Wajid\\git\\cbs_demo\\Reports\\20230713_130321\\Login\\20230713_130321"/>
         <property name="logFiles" value="C:\\Users\\Wajid\\git\\cbs_demo\\Reports\\20230713_130321\\Login\\20230713_130321\\execution0.log"/>
         <property name="attachments" value="C:\\Users\\Wajid\\git\\cbs_demo\\Reports\\20230713_130321\\Login\\20230713_130321\\1689235432873.png"/>
         <property name="hostName" value="Wajid - DESKTOP-RTPNA8E"/>
         <property name="os" value="Windows 10 64bit"/>
         <property name="katalonVersion" value="8.6.5.208"/>
         <property name="browser" value="Chrome 114.0.0.0"/>
         <property name="hostAddress" value="192.168.8.105"/>
         <property name="sessionId" value="a59485e72815fe9f06dc86ef34cf3cb3"/>
         <property name="seleniumVersion" value="3.141.59"/>
         <property name="proxyInformation" value="ProxyInformation { proxyOption=NO_PROXY, proxyServerType=HTTP, username=, password=********, proxyServerAddress=, proxyServerPort=0, executionList=&quot;&quot;, isApplyToDesiredCapabilities=true }"/>
         <property name="platform" value="Windows 10"/>
      </properties>
      <testcase name="Test Cases/Logging/Login Passed" time="19.027" classname="Test Cases/Logging/Login Passed" status="PASSED">
         <system-out><![CDATA[2023-07-13 13:03:23 - [TEST_CASE][PASSED] - Test Cases/Logging/Login Passed: Test Cases/Logging/Login Passed

2023-07-13 13:03:23 - [TEST_STEP][PASSED] - openBrowser(""): Browser is opened with url: ''

2023-07-13 13:03:24 - [MESSAGE][INFO] - Starting 'Chrome' driver

2023-07-13 13:03:24 - [MESSAGE][INFO] - Action delay is set to 0 milliseconds

2023-07-13 13:03:26 - [MESSAGE][PASSED] - Browser is opened with url: ''

2023-07-13 13:03:26 - [TEST_STEP][PASSED] - navigateToUrl("http://192.168.8.33:7003/cbs9/login.html"): Navigate to 'http://192.168.8.33:7003/cbs9/login.html' successfully

2023-07-13 13:03:26 - [MESSAGE][PASSED] - Navigate to 'http://192.168.8.33:7003/cbs9/login.html' successfully

2023-07-13 13:03:26 - [TEST_STEP][PASSED] - maximizeWindow(): Current window maximized

2023-07-13 13:03:27 - [MESSAGE][PASSED] - Current window maximized

2023-07-13 13:03:27 - [TEST_STEP][PASSED] - click(findTestObject("Page_Silverlake Symmetri CBS9/input_Faysal Bank Limited_j_username")): Object: 'Object Repository/Page_Silverlake Symmetri CBS9/input_Faysal Bank Limited_j_username' is clicked on

2023-07-13 13:03:27 - [MESSAGE][PASSED] - Object: 'Object Repository/Page_Silverlake Symmetri CBS9/input_Faysal Bank Limited_j_username' is clicked on

2023-07-13 13:03:27 - [TEST_STEP][PASSED] - setText(findTestObject("Object Repository/Page_Silverlake Symmetri CBS9/input_Faysal Bank Limited_j_username"), "cbs.user1"): Text 'cbs.user1' is set on object 'Object Repository/Page_Silverlake Symmetri CBS9/input_Faysal Bank Limited_j_username'

2023-07-13 13:03:28 - [MESSAGE][PASSED] - Text 'cbs.user1' is set on object 'Object Repository/Page_Silverlake Symmetri CBS9/input_Faysal Bank Limited_j_username'

2023-07-13 13:03:28 - [TEST_STEP][PASSED] - click(findTestObject("Page_Silverlake Symmetri CBS9/input_Username_j_password")): Object: 'Object Repository/Page_Silverlake Symmetri CBS9/input_Username_j_password' is clicked on

2023-07-13 13:03:28 - [MESSAGE][PASSED] - Object: 'Object Repository/Page_Silverlake Symmetri CBS9/input_Username_j_password' is clicked on

2023-07-13 13:03:28 - [TEST_STEP][PASSED] - setEncryptedText(findTestObject("Object Repository/Page_Silverlake Symmetri CBS9/input_Username_j_password"), "Go4mjZEPWYNpMeH1G75+Qw=="): Text ****** has been set on object 'Object Repository/Page_Silverlake Symmetri CBS9/input_Username_j_password'

2023-07-13 13:03:29 - [MESSAGE][PASSED] - Text ****** has been set on object 'Object Repository/Page_Silverlake Symmetri CBS9/input_Username_j_password'

2023-07-13 13:03:29 - [TEST_STEP][PASSED] - click(findTestObject("Object Repository/Page_Silverlake Symmetri CBS9/span_Login")): Object: 'Object Repository/Page_Silverlake Symmetri CBS9/span_Login' is clicked on

2023-07-13 13:03:41 - [MESSAGE][PASSED] - Object: 'Object Repository/Page_Silverlake Symmetri CBS9/span_Login' is clicked on

2023-07-13 13:03:41 - [TEST_STEP][PASSED] - waitForElementVisible(findTestObject("Object Repository/Page_Cbs/p_Start Serving Customers"), 60): Object 'Object Repository/Page_Cbs/p_Start Serving Customers' is visible

2023-07-13 13:03:41 - [MESSAGE][PASSED] - Object 'Object Repository/Page_Cbs/p_Start Serving Customers' is visible

2023-07-13 13:03:41 - [TEST_STEP][PASSED] - click(findTestObject("Object Repository/Page_Cbs/p_Start Serving Customers")): Object: 'Object Repository/Page_Cbs/p_Start Serving Customers' is clicked on

2023-07-13 13:03:42 - [MESSAGE][PASSED] - Object: 'Object Repository/Page_Cbs/p_Start Serving Customers' is clicked on

2023-07-13 13:03:42 - [TEST_STEP][PASSED] - closeBrowser(): Browser is closed

2023-07-13 13:03:42 - [MESSAGE][PASSED] - Browser is closed]]></system-out>
         <system-err><![CDATA[]]></system-err>
      </testcase>
      <testcase name="Test Cases/Logging/Login Failed" time="5.403" classname="Test Cases/Logging/Login Failed" status="PASSED">
         <system-out><![CDATA[2023-07-13 13:03:42 - [TEST_CASE][PASSED] - Test Cases/Logging/Login Failed: Test Cases/Logging/Login Failed

2023-07-13 13:03:42 - [TEST_STEP][PASSED] - openBrowser(""): Browser is opened with url: ''

2023-07-13 13:03:42 - [MESSAGE][INFO] - Starting 'Chrome' driver

2023-07-13 13:03:42 - [MESSAGE][INFO] - Action delay is set to 0 milliseconds

2023-07-13 13:03:44 - [MESSAGE][PASSED] - Browser is opened with url: ''

2023-07-13 13:03:44 - [TEST_STEP][PASSED] - navigateToUrl("http://192.168.8.33:7003/cbs9/login.html"): Navigate to 'http://192.168.8.33:7003/cbs9/login.html' successfully

2023-07-13 13:03:44 - [MESSAGE][PASSED] - Navigate to 'http://192.168.8.33:7003/cbs9/login.html' successfully

2023-07-13 13:03:44 - [TEST_STEP][PASSED] - maximizeWindow(): Current window maximized

2023-07-13 13:03:44 - [MESSAGE][PASSED] - Current window maximized

2023-07-13 13:03:44 - [TEST_STEP][PASSED] - click(findTestObject("Object Repository/Page_Silverlake Symmetri CBS9/input_Faysal Bank Limited_j_username")): Object: 'Object Repository/Page_Silverlake Symmetri CBS9/input_Faysal Bank Limited_j_username' is clicked on

2023-07-13 13:03:45 - [MESSAGE][PASSED] - Object: 'Object Repository/Page_Silverlake Symmetri CBS9/input_Faysal Bank Limited_j_username' is clicked on

2023-07-13 13:03:45 - [TEST_STEP][PASSED] - setText(findTestObject("Object Repository/Page_Silverlake Symmetri CBS9/input_Faysal Bank Limited_j_username"), "cbs.user1"): Text 'cbs.user1' is set on object 'Object Repository/Page_Silverlake Symmetri CBS9/input_Faysal Bank Limited_j_username'

2023-07-13 13:03:46 - [MESSAGE][PASSED] - Text 'cbs.user1' is set on object 'Object Repository/Page_Silverlake Symmetri CBS9/input_Faysal Bank Limited_j_username'

2023-07-13 13:03:46 - [TEST_STEP][PASSED] - click(findTestObject("Object Repository/Page_Silverlake Symmetri CBS9/input_Username_j_password")): Object: 'Object Repository/Page_Silverlake Symmetri CBS9/input_Username_j_password' is clicked on

2023-07-13 13:03:46 - [MESSAGE][PASSED] - Object: 'Object Repository/Page_Silverlake Symmetri CBS9/input_Username_j_password' is clicked on

2023-07-13 13:03:46 - [TEST_STEP][PASSED] - setEncryptedText(findTestObject("Object Repository/Page_Silverlake Symmetri CBS9/input_Username_j_password"), "5zEOG9P+0xVVVXi82UQ77cTu98lJn33i"): Text ****** has been set on object 'Object Repository/Page_Silverlake Symmetri CBS9/input_Username_j_password'

2023-07-13 13:03:46 - [MESSAGE][PASSED] - Text ****** has been set on object 'Object Repository/Page_Silverlake Symmetri CBS9/input_Username_j_password'

2023-07-13 13:03:46 - [TEST_STEP][PASSED] - waitForElementVisible(findTestObject("Page_Silverlake Symmetri CBS9/button_Login"), 20): Object 'Object Repository/Page_Silverlake Symmetri CBS9/button_Login' is visible

2023-07-13 13:03:47 - [MESSAGE][PASSED] - Object 'Object Repository/Page_Silverlake Symmetri CBS9/button_Login' is visible

2023-07-13 13:03:47 - [TEST_STEP][PASSED] - click(findTestObject("Object Repository/Page_Silverlake Symmetri CBS9/button_Login")): Object: 'Object Repository/Page_Silverlake Symmetri CBS9/button_Login' is clicked on

2023-07-13 13:03:47 - [MESSAGE][PASSED] - Object: 'Object Repository/Page_Silverlake Symmetri CBS9/button_Login' is clicked on

2023-07-13 13:03:47 - [TEST_STEP][PASSED] - verifyElementText(findTestObject("Object Repository/Page_Silverlake Symmetri CBS9/p_Invalid Credentials"), "Invalid Credentials!"): Actual text and expected text of test object 'Object Repository/Page_Silverlake Symmetri CBS9/p_Invalid Credentials' are matched.

2023-07-13 13:03:48 - [MESSAGE][PASSED] - Actual text and expected text of test object 'Object Repository/Page_Silverlake Symmetri CBS9/p_Invalid Credentials' are matched.]]></system-out>
         <system-err><![CDATA[]]></system-err>
      </testcase>
      <testcase name="Test Cases/Logging/Login Element Not Found" time="5.344" classname="Test Cases/Logging/Login Element Not Found" status="FAILED">
         <failure type="FAILED" message="Test Cases/Logging/Login Element Not Found FAILED.
Reason:
com.kms.katalon.core.exception.StepFailedException: Unable to click on object
	at com.kms.katalon.core.webui.keyword.internal.WebUIKeywordMain.stepFailed(WebUIKeywordMain.groovy:64)
	at com.kms.katalon.core.webui.keyword.internal.WebUIKeywordMain.runKeyword(WebUIKeywordMain.groovy:26)
	at com.kms.katalon.core.webui.keyword.builtin.ClickKeyword.click(ClickKeyword.groovy:74)
	at com.kms.katalon.core.webui.keyword.builtin.ClickKeyword.execute(ClickKeyword.groovy:40)
	at com.kms.katalon.core.keyword.internal.KeywordExecutor.executeKeywordForPlatform(KeywordExecutor.groovy:74)
	at com.kms.katalon.core.webui.keyword.WebUiBuiltInKeywords.click(WebUiBuiltInKeywords.groovy:620)
	at com.kms.katalon.core.webui.keyword.WebUiBuiltInKeywords$click$2.call(Unknown Source)
	at Login Element Not Found.run(Login Element Not Found:34)
	at com.kms.katalon.core.main.ScriptEngine.run(ScriptEngine.java:194)
	at com.kms.katalon.core.main.ScriptEngine.runScriptAsRawText(ScriptEngine.java:119)
	at com.kms.katalon.core.main.TestCaseExecutor.runScript(TestCaseExecutor.java:448)
	at com.kms.katalon.core.main.TestCaseExecutor.doExecute(TestCaseExecutor.java:439)
	at com.kms.katalon.core.main.TestCaseExecutor.processExecutionPhase(TestCaseExecutor.java:418)
	at com.kms.katalon.core.main.TestCaseExecutor.accessMainPhase(TestCaseExecutor.java:410)
	at com.kms.katalon.core.main.TestCaseExecutor.execute(TestCaseExecutor.java:285)
	at com.kms.katalon.core.common.CommonExecutor.accessTestCaseMainPhase(CommonExecutor.java:65)
	at com.kms.katalon.core.main.TestSuiteExecutor.accessTestSuiteMainPhase(TestSuiteExecutor.java:148)
	at com.kms.katalon.core.main.TestSuiteExecutor.execute(TestSuiteExecutor.java:106)
	at com.kms.katalon.core.main.TestCaseMain.startTestSuite(TestCaseMain.java:187)
	at com.kms.katalon.core.main.TestCaseMain$startTestSuite$0.call(Unknown Source)
	at TempTestSuite1689235401222.run(TempTestSuite1689235401222.groovy:36)
Caused by: java.lang.IllegalArgumentException: Object is null
	at com.kms.katalon.core.helper.KeywordHelper.checkTestObjectParameter(KeywordHelper.java:33)
	at com.kms.katalon.core.webui.keyword.builtin.ClickKeyword$_click_closure1.doCall(ClickKeyword.groovy:62)
	at com.kms.katalon.core.webui.keyword.builtin.ClickKeyword$_click_closure1.call(ClickKeyword.groovy)
	at com.kms.katalon.core.webui.keyword.internal.WebUIKeywordMain.runKeyword(WebUIKeywordMain.groovy:20)
	... 19 more
"/>
         <system-out><![CDATA[2023-07-13 13:03:48 - [TEST_CASE][FAILED] - Test Cases/Logging/Login Element Not Found: Test Cases/Logging/Login Element Not Found FAILED.
Reason:
com.kms.katalon.core.exception.StepFailedException: Unable to click on object
	at com.kms.katalon.core.webui.keyword.internal.WebUIKeywordMain.stepFailed(WebUIKeywordMain.groovy:64)
	at com.kms.katalon.core.webui.keyword.internal.WebUIKeywordMain.runKeyword(WebUIKeywordMain.groovy:26)
	at com.kms.katalon.core.webui.keyword.builtin.ClickKeyword.click(ClickKeyword.groovy:74)
	at com.kms.katalon.core.webui.keyword.builtin.ClickKeyword.execute(ClickKeyword.groovy:40)
	at com.kms.katalon.core.keyword.internal.KeywordExecutor.executeKeywordForPlatform(KeywordExecutor.groovy:74)
	at com.kms.katalon.core.webui.keyword.WebUiBuiltInKeywords.click(WebUiBuiltInKeywords.groovy:620)
	at com.kms.katalon.core.webui.keyword.WebUiBuiltInKeywords$click$2.call(Unknown Source)
	at Login Element Not Found.run(Login Element Not Found:34)
	at com.kms.katalon.core.main.ScriptEngine.run(ScriptEngine.java:194)
	at com.kms.katalon.core.main.ScriptEngine.runScriptAsRawText(ScriptEngine.java:119)
	at com.kms.katalon.core.main.TestCaseExecutor.runScript(TestCaseExecutor.java:448)
	at com.kms.katalon.core.main.TestCaseExecutor.doExecute(TestCaseExecutor.java:439)
	at com.kms.katalon.core.main.TestCaseExecutor.processExecutionPhase(TestCaseExecutor.java:418)
	at com.kms.katalon.core.main.TestCaseExecutor.accessMainPhase(TestCaseExecutor.java:410)
	at com.kms.katalon.core.main.TestCaseExecutor.execute(TestCaseExecutor.java:285)
	at com.kms.katalon.core.common.CommonExecutor.accessTestCaseMainPhase(CommonExecutor.java:65)
	at com.kms.katalon.core.main.TestSuiteExecutor.accessTestSuiteMainPhase(TestSuiteExecutor.java:148)
	at com.kms.katalon.core.main.TestSuiteExecutor.execute(TestSuiteExecutor.java:106)
	at com.kms.katalon.core.main.TestCaseMain.startTestSuite(TestCaseMain.java:187)
	at com.kms.katalon.core.main.TestCaseMain$startTestSuite$0.call(Unknown Source)
	at TempTestSuite1689235401222.run(TempTestSuite1689235401222.groovy:36)
Caused by: java.lang.IllegalArgumentException: Object is null
	at com.kms.katalon.core.helper.KeywordHelper.checkTestObjectParameter(KeywordHelper.java:33)
	at com.kms.katalon.core.webui.keyword.builtin.ClickKeyword$_click_closure1.doCall(ClickKeyword.groovy:62)
	at com.kms.katalon.core.webui.keyword.builtin.ClickKeyword$_click_closure1.call(ClickKeyword.groovy)
	at com.kms.katalon.core.webui.keyword.internal.WebUIKeywordMain.runKeyword(WebUIKeywordMain.groovy:20)
	... 19 more


2023-07-13 13:03:48 - [TEST_STEP][PASSED] - openBrowser(""): Browser is opened with url: ''

2023-07-13 13:03:48 - [MESSAGE][WARNING] - A browser is already opened. Closing browser and opening a new one

2023-07-13 13:03:49 - [MESSAGE][INFO] - Starting 'Chrome' driver

2023-07-13 13:03:49 - [MESSAGE][INFO] - Action delay is set to 0 milliseconds

2023-07-13 13:03:50 - [MESSAGE][PASSED] - Browser is opened with url: ''

2023-07-13 13:03:50 - [TEST_STEP][PASSED] - navigateToUrl("http://192.168.8.33:7003/cbs9/login.html"): Navigate to 'http://192.168.8.33:7003/cbs9/login.html' successfully

2023-07-13 13:03:50 - [MESSAGE][PASSED] - Navigate to 'http://192.168.8.33:7003/cbs9/login.html' successfully

2023-07-13 13:03:50 - [TEST_STEP][PASSED] - maximizeWindow(): Current window maximized

2023-07-13 13:03:50 - [MESSAGE][PASSED] - Current window maximized

2023-07-13 13:03:50 - [TEST_STEP][PASSED] - click(findTestObject("Object Repository/Page_Silverlake Symmetri CBS9/input_Faysal Bank Limited_j_username")): Object: 'Object Repository/Page_Silverlake Symmetri CBS9/input_Faysal Bank Limited_j_username' is clicked on

2023-07-13 13:03:51 - [MESSAGE][PASSED] - Object: 'Object Repository/Page_Silverlake Symmetri CBS9/input_Faysal Bank Limited_j_username' is clicked on

2023-07-13 13:03:51 - [TEST_STEP][PASSED] - setText(findTestObject("Object Repository/Page_Silverlake Symmetri CBS9/input_Faysal Bank Limited_j_username"), "cbs.user1"): Text 'cbs.user1' is set on object 'Object Repository/Page_Silverlake Symmetri CBS9/input_Faysal Bank Limited_j_username'

2023-07-13 13:03:52 - [MESSAGE][PASSED] - Text 'cbs.user1' is set on object 'Object Repository/Page_Silverlake Symmetri CBS9/input_Faysal Bank Limited_j_username'

2023-07-13 13:03:52 - [TEST_STEP][PASSED] - click(findTestObject("Object Repository/Page_Silverlake Symmetri CBS9/input_Username_j_password")): Object: 'Object Repository/Page_Silverlake Symmetri CBS9/input_Username_j_password' is clicked on

2023-07-13 13:03:52 - [MESSAGE][PASSED] - Object: 'Object Repository/Page_Silverlake Symmetri CBS9/input_Username_j_password' is clicked on

2023-07-13 13:03:52 - [TEST_STEP][PASSED] - setEncryptedText(findTestObject("Object Repository/Page_Silverlake Symmetri CBS9/input_Username_j_password"), "Go4mjZEPWYNpMeH1G75+Qw=="): Text ****** has been set on object 'Object Repository/Page_Silverlake Symmetri CBS9/input_Username_j_password'

2023-07-13 13:03:52 - [MESSAGE][PASSED] - Text ****** has been set on object 'Object Repository/Page_Silverlake Symmetri CBS9/input_Username_j_password'

2023-07-13 13:03:52 - [TEST_STEP][FAILED] - click(findTestObject("Object Repository/Page_Silverlake Symmetri CBS9/button_Log")): Unable to click on object (Root cause: com.kms.katalon.core.exception.StepFailedException: Unable to click on object
	at com.kms.katalon.core.webui.keyword.internal.WebUIKeywordMain.stepFailed(WebUIKeywordMain.groovy:64)
	at com.kms.katalon.core.webui.keyword.internal.WebUIKeywordMain.runKeyword(WebUIKeywordMain.groovy:26)
	at com.kms.katalon.core.webui.keyword.builtin.ClickKeyword.click(ClickKeyword.groovy:74)
	at com.kms.katalon.core.webui.keyword.builtin.ClickKeyword.execute(ClickKeyword.groovy:40)
	at com.kms.katalon.core.keyword.internal.KeywordExecutor.executeKeywordForPlatform(KeywordExecutor.groovy:74)
	at com.kms.katalon.core.webui.keyword.WebUiBuiltInKeywords.click(WebUiBuiltInKeywords.groovy:620)
	at com.kms.katalon.core.webui.keyword.WebUiBuiltInKeywords$click$2.call(Unknown Source)
	at Login Element Not Found.run(Login Element Not Found:34)
	at com.kms.katalon.core.main.ScriptEngine.run(ScriptEngine.java:194)
	at com.kms.katalon.core.main.ScriptEngine.runScriptAsRawText(ScriptEngine.java:119)
	at com.kms.katalon.core.main.TestCaseExecutor.runScript(TestCaseExecutor.java:448)
	at com.kms.katalon.core.main.TestCaseExecutor.doExecute(TestCaseExecutor.java:439)
	at com.kms.katalon.core.main.TestCaseExecutor.processExecutionPhase(TestCaseExecutor.java:418)
	at com.kms.katalon.core.main.TestCaseExecutor.accessMainPhase(TestCaseExecutor.java:410)
	at com.kms.katalon.core.main.TestCaseExecutor.execute(TestCaseExecutor.java:285)
	at com.kms.katalon.core.common.CommonExecutor.accessTestCaseMainPhase(CommonExecutor.java:65)
	at com.kms.katalon.core.main.TestSuiteExecutor.accessTestSuiteMainPhase(TestSuiteExecutor.java:148)
	at com.kms.katalon.core.main.TestSuiteExecutor.execute(TestSuiteExecutor.java:106)
	at com.kms.katalon.core.main.TestCaseMain.startTestSuite(TestCaseMain.java:187)
	at com.kms.katalon.core.main.TestCaseMain$startTestSuite$0.call(Unknown Source)
	at TempTestSuite1689235401222.run(TempTestSuite1689235401222.groovy:36)
Caused by: java.lang.IllegalArgumentException: Object is null
	at com.kms.katalon.core.helper.KeywordHelper.checkTestObjectParameter(KeywordHelper.java:33)
	at com.kms.katalon.core.webui.keyword.builtin.ClickKeyword$_click_closure1.doCall(ClickKeyword.groovy:62)
	at com.kms.katalon.core.webui.keyword.builtin.ClickKeyword$_click_closure1.call(ClickKeyword.groovy)
	at com.kms.katalon.core.webui.keyword.internal.WebUIKeywordMain.runKeyword(WebUIKeywordMain.groovy:20)
	at com.kms.katalon.core.webui.keyword.builtin.ClickKeyword.click(ClickKeyword.groovy:74)
	at com.kms.katalon.core.webui.keyword.builtin.ClickKeyword.execute(ClickKeyword.groovy:40)
	at com.kms.katalon.core.keyword.internal.KeywordExecutor.executeKeywordForPlatform(KeywordExecutor.groovy:74)
	at com.kms.katalon.core.webui.keyword.WebUiBuiltInKeywords.click(WebUiBuiltInKeywords.groovy:620)
	at com.kms.katalon.core.webui.keyword.WebUiBuiltInKeywords$click$2.call(Unknown Source)
	at Script1689233860511.run(Script1689233860511.groovy:34)
	... 13 more
)

2023-07-13 13:03:52 - [MESSAGE][WARNING] - Test object with id 'Object Repository/Page_Silverlake Symmetri CBS9/button_Log' does not exist

2023-07-13 13:03:52 - [MESSAGE][WARNING] - Test object with id 'Object Repository/' does not exist

2023-07-13 13:03:53 - [MESSAGE][FAILED] - Unable to click on object (Root cause: com.kms.katalon.core.exception.StepFailedException: Unable to click on object
	at com.kms.katalon.core.webui.keyword.internal.WebUIKeywordMain.stepFailed(WebUIKeywordMain.groovy:64)
	at com.kms.katalon.core.webui.keyword.internal.WebUIKeywordMain.runKeyword(WebUIKeywordMain.groovy:26)
	at com.kms.katalon.core.webui.keyword.builtin.ClickKeyword.click(ClickKeyword.groovy:74)
	at com.kms.katalon.core.webui.keyword.builtin.ClickKeyword.execute(ClickKeyword.groovy:40)
	at com.kms.katalon.core.keyword.internal.KeywordExecutor.executeKeywordForPlatform(KeywordExecutor.groovy:74)
	at com.kms.katalon.core.webui.keyword.WebUiBuiltInKeywords.click(WebUiBuiltInKeywords.groovy:620)
	at com.kms.katalon.core.webui.keyword.WebUiBuiltInKeywords$click$2.call(Unknown Source)
	at Login Element Not Found.run(Login Element Not Found:34)
	at com.kms.katalon.core.main.ScriptEngine.run(ScriptEngine.java:194)
	at com.kms.katalon.core.main.ScriptEngine.runScriptAsRawText(ScriptEngine.java:119)
	at com.kms.katalon.core.main.TestCaseExecutor.runScript(TestCaseExecutor.java:448)
	at com.kms.katalon.core.main.TestCaseExecutor.doExecute(TestCaseExecutor.java:439)
	at com.kms.katalon.core.main.TestCaseExecutor.processExecutionPhase(TestCaseExecutor.java:418)
	at com.kms.katalon.core.main.TestCaseExecutor.accessMainPhase(TestCaseExecutor.java:410)
	at com.kms.katalon.core.main.TestCaseExecutor.execute(TestCaseExecutor.java:285)
	at com.kms.katalon.core.common.CommonExecutor.accessTestCaseMainPhase(CommonExecutor.java:65)
	at com.kms.katalon.core.main.TestSuiteExecutor.accessTestSuiteMainPhase(TestSuiteExecutor.java:148)
	at com.kms.katalon.core.main.TestSuiteExecutor.execute(TestSuiteExecutor.java:106)
	at com.kms.katalon.core.main.TestCaseMain.startTestSuite(TestCaseMain.java:187)
	at com.kms.katalon.core.main.TestCaseMain$startTestSuite$0.call(Unknown Source)
	at TempTestSuite1689235401222.run(TempTestSuite1689235401222.groovy:36)
Caused by: java.lang.IllegalArgumentException: Object is null
	at com.kms.katalon.core.helper.KeywordHelper.checkTestObjectParameter(KeywordHelper.java:33)
	at com.kms.katalon.core.webui.keyword.builtin.ClickKeyword$_click_closure1.doCall(ClickKeyword.groovy:62)
	at com.kms.katalon.core.webui.keyword.builtin.ClickKeyword$_click_closure1.call(ClickKeyword.groovy)
	at com.kms.katalon.core.webui.keyword.internal.WebUIKeywordMain.runKeyword(WebUIKeywordMain.groovy:20)
	at com.kms.katalon.core.webui.keyword.builtin.ClickKeyword.click(ClickKeyword.groovy:74)
	at com.kms.katalon.core.webui.keyword.builtin.ClickKeyword.execute(ClickKeyword.groovy:40)
	at com.kms.katalon.core.keyword.internal.KeywordExecutor.executeKeywordForPlatform(KeywordExecutor.groovy:74)
	at com.kms.katalon.core.webui.keyword.WebUiBuiltInKeywords.click(WebUiBuiltInKeywords.groovy:620)
	at com.kms.katalon.core.webui.keyword.WebUiBuiltInKeywords$click$2.call(Unknown Source)
	at Script1689233860511.run(Script1689233860511.groovy:34)
	... 13 more
)
[[ATTACHMENT|C:\\Users\\Wajid\\git\\cbs_demo\\Reports\\20230713_130321\\Login\\20230713_130321\\1689235432873.png]]]]></system-out>
         <system-err><![CDATA[2023-07-13 13:03:48 - [TEST_CASE][FAILED] - Test Cases/Logging/Login Element Not Found: Test Cases/Logging/Login Element Not Found FAILED.
Reason:
com.kms.katalon.core.exception.StepFailedException: Unable to click on object
	at com.kms.katalon.core.webui.keyword.internal.WebUIKeywordMain.stepFailed(WebUIKeywordMain.groovy:64)
	at com.kms.katalon.core.webui.keyword.internal.WebUIKeywordMain.runKeyword(WebUIKeywordMain.groovy:26)
	at com.kms.katalon.core.webui.keyword.builtin.ClickKeyword.click(ClickKeyword.groovy:74)
	at com.kms.katalon.core.webui.keyword.builtin.ClickKeyword.execute(ClickKeyword.groovy:40)
	at com.kms.katalon.core.keyword.internal.KeywordExecutor.executeKeywordForPlatform(KeywordExecutor.groovy:74)
	at com.kms.katalon.core.webui.keyword.WebUiBuiltInKeywords.click(WebUiBuiltInKeywords.groovy:620)
	at com.kms.katalon.core.webui.keyword.WebUiBuiltInKeywords$click$2.call(Unknown Source)
	at Login Element Not Found.run(Login Element Not Found:34)
	at com.kms.katalon.core.main.ScriptEngine.run(ScriptEngine.java:194)
	at com.kms.katalon.core.main.ScriptEngine.runScriptAsRawText(ScriptEngine.java:119)
	at com.kms.katalon.core.main.TestCaseExecutor.runScript(TestCaseExecutor.java:448)
	at com.kms.katalon.core.main.TestCaseExecutor.doExecute(TestCaseExecutor.java:439)
	at com.kms.katalon.core.main.TestCaseExecutor.processExecutionPhase(TestCaseExecutor.java:418)
	at com.kms.katalon.core.main.TestCaseExecutor.accessMainPhase(TestCaseExecutor.java:410)
	at com.kms.katalon.core.main.TestCaseExecutor.execute(TestCaseExecutor.java:285)
	at com.kms.katalon.core.common.CommonExecutor.accessTestCaseMainPhase(CommonExecutor.java:65)
	at com.kms.katalon.core.main.TestSuiteExecutor.accessTestSuiteMainPhase(TestSuiteExecutor.java:148)
	at com.kms.katalon.core.main.TestSuiteExecutor.execute(TestSuiteExecutor.java:106)
	at com.kms.katalon.core.main.TestCaseMain.startTestSuite(TestCaseMain.java:187)
	at com.kms.katalon.core.main.TestCaseMain$startTestSuite$0.call(Unknown Source)
	at TempTestSuite1689235401222.run(TempTestSuite1689235401222.groovy:36)
Caused by: java.lang.IllegalArgumentException: Object is null
	at com.kms.katalon.core.helper.KeywordHelper.checkTestObjectParameter(KeywordHelper.java:33)
	at com.kms.katalon.core.webui.keyword.builtin.ClickKeyword$_click_closure1.doCall(ClickKeyword.groovy:62)
	at com.kms.katalon.core.webui.keyword.builtin.ClickKeyword$_click_closure1.call(ClickKeyword.groovy)
	at com.kms.katalon.core.webui.keyword.internal.WebUIKeywordMain.runKeyword(WebUIKeywordMain.groovy:20)
	... 19 more]]></system-err>
      </testcase>
      <system-out><![CDATA[2023-07-13 13:03:23 - [TEST_SUITE][FAILED] - Login: Test Cases/Logging/Login Element Not Found FAILED.
Reason:
com.kms.katalon.core.exception.StepFailedException: Unable to click on object
	at com.kms.katalon.core.webui.keyword.internal.WebUIKeywordMain.stepFailed(WebUIKeywordMain.groovy:64)
	at com.kms.katalon.core.webui.keyword.internal.WebUIKeywordMain.runKeyword(WebUIKeywordMain.groovy:26)
	at com.kms.katalon.core.webui.keyword.builtin.ClickKeyword.click(ClickKeyword.groovy:74)
	at com.kms.katalon.core.webui.keyword.builtin.ClickKeyword.execute(ClickKeyword.groovy:40)
	at com.kms.katalon.core.keyword.internal.KeywordExecutor.executeKeywordForPlatform(KeywordExecutor.groovy:74)
	at com.kms.katalon.core.webui.keyword.WebUiBuiltInKeywords.click(WebUiBuiltInKeywords.groovy:620)
	at com.kms.katalon.core.webui.keyword.WebUiBuiltInKeywords$click$2.call(Unknown Source)
	at Login Element Not Found.run(Login Element Not Found:34)
	at com.kms.katalon.core.main.ScriptEngine.run(ScriptEngine.java:194)
	at com.kms.katalon.core.main.ScriptEngine.runScriptAsRawText(ScriptEngine.java:119)
	at com.kms.katalon.core.main.TestCaseExecutor.runScript(TestCaseExecutor.java:448)
	at com.kms.katalon.core.main.TestCaseExecutor.doExecute(TestCaseExecutor.java:439)
	at com.kms.katalon.core.main.TestCaseExecutor.processExecutionPhase(TestCaseExecutor.java:418)
	at com.kms.katalon.core.main.TestCaseExecutor.accessMainPhase(TestCaseExecutor.java:410)
	at com.kms.katalon.core.main.TestCaseExecutor.execute(TestCaseExecutor.java:285)
	at com.kms.katalon.core.common.CommonExecutor.accessTestCaseMainPhase(CommonExecutor.java:65)
	at com.kms.katalon.core.main.TestSuiteExecutor.accessTestSuiteMainPhase(TestSuiteExecutor.java:148)
	at com.kms.katalon.core.main.TestSuiteExecutor.execute(TestSuiteExecutor.java:106)
	at com.kms.katalon.core.main.TestCaseMain.startTestSuite(TestCaseMain.java:187)
	at com.kms.katalon.core.main.TestCaseMain$startTestSuite$0.call(Unknown Source)
	at TempTestSuite1689235401222.run(TempTestSuite1689235401222.groovy:36)
Caused by: java.lang.IllegalArgumentException: Object is null
	at com.kms.katalon.core.helper.KeywordHelper.checkTestObjectParameter(KeywordHelper.java:33)
	at com.kms.katalon.core.webui.keyword.builtin.ClickKeyword$_click_closure1.doCall(ClickKeyword.groovy:62)
	at com.kms.katalon.core.webui.keyword.builtin.ClickKeyword$_click_closure1.call(ClickKeyword.groovy)
	at com.kms.katalon.core.webui.keyword.internal.WebUIKeywordMain.runKeyword(WebUIKeywordMain.groovy:20)
	... 19 more]]></system-out>
      <system-err><![CDATA[2023-07-13 13:03:23 - [TEST_SUITE][FAILED] - Login: Test Cases/Logging/Login Element Not Found FAILED.
Reason:
com.kms.katalon.core.exception.StepFailedException: Unable to click on object
	at com.kms.katalon.core.webui.keyword.internal.WebUIKeywordMain.stepFailed(WebUIKeywordMain.groovy:64)
	at com.kms.katalon.core.webui.keyword.internal.WebUIKeywordMain.runKeyword(WebUIKeywordMain.groovy:26)
	at com.kms.katalon.core.webui.keyword.builtin.ClickKeyword.click(ClickKeyword.groovy:74)
	at com.kms.katalon.core.webui.keyword.builtin.ClickKeyword.execute(ClickKeyword.groovy:40)
	at com.kms.katalon.core.keyword.internal.KeywordExecutor.executeKeywordForPlatform(KeywordExecutor.groovy:74)
	at com.kms.katalon.core.webui.keyword.WebUiBuiltInKeywords.click(WebUiBuiltInKeywords.groovy:620)
	at com.kms.katalon.core.webui.keyword.WebUiBuiltInKeywords$click$2.call(Unknown Source)
	at Login Element Not Found.run(Login Element Not Found:34)
	at com.kms.katalon.core.main.ScriptEngine.run(ScriptEngine.java:194)
	at com.kms.katalon.core.main.ScriptEngine.runScriptAsRawText(ScriptEngine.java:119)
	at com.kms.katalon.core.main.TestCaseExecutor.runScript(TestCaseExecutor.java:448)
	at com.kms.katalon.core.main.TestCaseExecutor.doExecute(TestCaseExecutor.java:439)
	at com.kms.katalon.core.main.TestCaseExecutor.processExecutionPhase(TestCaseExecutor.java:418)
	at com.kms.katalon.core.main.TestCaseExecutor.accessMainPhase(TestCaseExecutor.java:410)
	at com.kms.katalon.core.main.TestCaseExecutor.execute(TestCaseExecutor.java:285)
	at com.kms.katalon.core.common.CommonExecutor.accessTestCaseMainPhase(CommonExecutor.java:65)
	at com.kms.katalon.core.main.TestSuiteExecutor.accessTestSuiteMainPhase(TestSuiteExecutor.java:148)
	at com.kms.katalon.core.main.TestSuiteExecutor.execute(TestSuiteExecutor.java:106)
	at com.kms.katalon.core.main.TestCaseMain.startTestSuite(TestCaseMain.java:187)
	at com.kms.katalon.core.main.TestCaseMain$startTestSuite$0.call(Unknown Source)
	at TempTestSuite1689235401222.run(TempTestSuite1689235401222.groovy:36)
Caused by: java.lang.IllegalArgumentException: Object is null
	at com.kms.katalon.core.helper.KeywordHelper.checkTestObjectParameter(KeywordHelper.java:33)
	at com.kms.katalon.core.webui.keyword.builtin.ClickKeyword$_click_closure1.doCall(ClickKeyword.groovy:62)
	at com.kms.katalon.core.webui.keyword.builtin.ClickKeyword$_click_closure1.call(ClickKeyword.groovy)
	at com.kms.katalon.core.webui.keyword.internal.WebUIKeywordMain.runKeyword(WebUIKeywordMain.groovy:20)
	... 19 more]]></system-err>
   </testsuite>
</testsuites>
